/Users/BATMAN/pro/inna-frontend-git/backend/express.js:12
sdfskdhfjdhf
^
ReferenceError: sdfskdhfjdhf is not defined
    at Object.<anonymous> (/Users/BATMAN/pro/inna-frontend-git/backend/express.js:12:1)
    at Module._compile (module.js:460:26)
    at Object.Module._extensions..js (module.js:478:10)
    at Module.load (module.js:355:32)
    at Function.Module._load (module.js:310:12)
    at Function.Module.runMain (module.js:501:10)
    at startup (node.js:124:16)
    at node.js:842:3
/Users/BATMAN/pro/inna-frontend-git/backend/routes.js:31
                    sdfskdhfjdhf
                    ^
ReferenceError: sdfskdhfjdhf is not defined
    at null._onTimeout (/Users/BATMAN/pro/inna-frontend-git/backend/routes.js:31:21)
    at Timer.listOnTimeout (timers.js:133:15)
/Users/BATMAN/pro/inna-frontend-git/backend/routes.js:31
                    sdfskdhfjdhf
                    ^
ReferenceError: sdfskdhfjdhf is not defined
    at null._onTimeout (/Users/BATMAN/pro/inna-frontend-git/backend/routes.js:31:21)
    at Timer.listOnTimeout (timers.js:133:15)
/Users/BATMAN/pro/inna-frontend-git/backend/routes.js:31
                    sdfskdhfjdhf
                    ^
ReferenceError: sdfskdhfjdhf is not defined
    at null._onTimeout (/Users/BATMAN/pro/inna-frontend-git/backend/routes.js:31:21)
    at Timer.listOnTimeout (timers.js:133:15)
/Users/BATMAN/pro/inna-frontend-git/backend/routes.js:31
                    sdfskdhfjdhf
                    ^
ReferenceError: sdfskdhfjdhf is not defined
    at null._onTimeout (/Users/BATMAN/pro/inna-frontend-git/backend/routes.js:31:21)
    at Timer.listOnTimeout (timers.js:133:15)
/Users/BATMAN/pro/inna-frontend-git/backend/routes.js:31
                    sdfskdhfjdhf
                    ^
ReferenceError: sdfskdhfjdhf is not defined
    at null._onTimeout (/Users/BATMAN/pro/inna-frontend-git/backend/routes.js:31:21)
    at Timer.listOnTimeout (timers.js:133:15)
