error: Forever detected script exited with code: null
error: Forever detected script exited with code: null
error: Forever detected script exited with code: null
[0mGET / [32m- [0m- ms - -[0m
[0mPOST /api/v1/Account/Info/Post [32m- [0m- ms - -[0m
[0mGET /500.html [32m- [0m- ms - -[0m
error: Forever detected script exited with code: null
error: Forever detected script exited with code: null
error: Forever detected script exited with code: null
error: Forever detected script exited with code: null
error: Forever detected script exited with code: null
error: Forever detected script exited with code: null
[0mGET / [32m- [0m- ms - -[0m
[0mPOST /api/v1/Account/Info/Post [32m- [0m- ms - -[0m
[0mGET / [32m- [0m- ms - -[0m
[0mPOST /api/v1/Account/Info/Post [32m- [0m- ms - -[0m
[0mGET / [32m- [0m- ms - -[0m
[0mPOST /api/v1/Account/Info/Post [32m- [0m- ms - -[0m
[0mGET / [32m- [0m- ms - -[0m
[0mPOST /api/v1/Account/Info/Post [32m- [0m- ms - -[0m
[0mGET / [32m- [0m- ms - -[0m
[0mPOST /api/v1/Account/Info/Post [32m- [0m- ms - -[0m
[0mGET / [32m- [0m- ms - -[0m
[0mPOST /api/v1/Account/Info/Post [32m- [0m- ms - -[0m
error: Forever detected script exited with code: null
/Users/BATMAN/pro/inna-frontend-git/backend/express.js:12
sdfskdhfjdhf
^
ReferenceError: sdfskdhfjdhf is not defined
    at Object.<anonymous> (/Users/BATMAN/pro/inna-frontend-git/backend/express.js:12:1)
    at Module._compile (module.js:460:26)
    at Object.Module._extensions..js (module.js:478:10)
    at Module.load (module.js:355:32)
    at Function.Module._load (module.js:310:12)
    at Function.Module.runMain (module.js:501:10)
    at startup (node.js:124:16)
    at node.js:842:3
error: Forever detected script exited with code: 1
/usr/local/lib/node_modules/forever/node_modules/forever-monitor/node_modules/broadway/node_modules/eventemitter2/lib/eventemitter2.js:290
          throw arguments[1]; // Unhandled 'error' event
                         ^
Error: Cannot stop process that is not running.
    at /usr/local/lib/node_modules/forever/node_modules/forever-monitor/lib/forever-monitor/monitor.js:351:26
    at process._tickCallback (node.js:372:11)
[0mGET / [32m- [0m- ms - -[0m
[0mPOST /api/v1/Account/Info/Post [32m- [0m- ms - -[0m
/Users/BATMAN/pro/inna-frontend-git/backend/routes.js:31
                    sdfskdhfjdhf
                    ^
ReferenceError: sdfskdhfjdhf is not defined
    at null._onTimeout (/Users/BATMAN/pro/inna-frontend-git/backend/routes.js:31:21)
    at Timer.listOnTimeout (timers.js:133:15)
error: Forever detected script exited with code: 1
error: Script restart attempt #1
[0mGET / [32m- [0m- ms - -[0m
[0mPOST /api/v1/Account/Info/Post [32m- [0m- ms - -[0m
/Users/BATMAN/pro/inna-frontend-git/backend/routes.js:31
                    sdfskdhfjdhf
                    ^
ReferenceError: sdfskdhfjdhf is not defined
    at null._onTimeout (/Users/BATMAN/pro/inna-frontend-git/backend/routes.js:31:21)
    at Timer.listOnTimeout (timers.js:133:15)
error: Forever detected script exited with code: 1
error: Script restart attempt #2
[0mGET / [32m- [0m- ms - -[0m
[0mPOST /api/v1/Account/Info/Post [32m- [0m- ms - -[0m
/Users/BATMAN/pro/inna-frontend-git/backend/routes.js:31
                    sdfskdhfjdhf
                    ^
ReferenceError: sdfskdhfjdhf is not defined
    at null._onTimeout (/Users/BATMAN/pro/inna-frontend-git/backend/routes.js:31:21)
    at Timer.listOnTimeout (timers.js:133:15)
error: Forever detected script exited with code: 1
error: Script restart attempt #3
error: Forever detected script exited with code: null
[0mGET / [32m- [0m- ms - -[0m
[0mPOST /api/v1/Account/Info/Post [32m- [0m- ms - -[0m
/Users/BATMAN/pro/inna-frontend-git/backend/routes.js:31
                    sdfskdhfjdhf
                    ^
ReferenceError: sdfskdhfjdhf is not defined
    at null._onTimeout (/Users/BATMAN/pro/inna-frontend-git/backend/routes.js:31:21)
    at Timer.listOnTimeout (timers.js:133:15)
error: Forever detected script exited with code: 1
error: Script restart attempt #1
[0mGET / [32m- [0m- ms - -[0m
[0mPOST /api/v1/Account/Info/Post [32m- [0m- ms - -[0m
/Users/BATMAN/pro/inna-frontend-git/backend/routes.js:31
                    sdfskdhfjdhf
                    ^
ReferenceError: sdfskdhfjdhf is not defined
    at null._onTimeout (/Users/BATMAN/pro/inna-frontend-git/backend/routes.js:31:21)
    at Timer.listOnTimeout (timers.js:133:15)
error: Forever detected script exited with code: 1
error: Script restart attempt #2
error: Forever detected script exited with code: null
error: Forever detected script exited with code: null
error: Forever detected script exited with code: null
